<?xml version="1.0" encoding="UTF-8"?>
<!-- Generated by org.testng.reporters.JUnitReportReporter -->
<testsuite skipped="0" hostname="DESKTOP-KDLC9BI" name="Hiko.ValidateTitle" tests="1" failures="0" timestamp="22 May 2019 04:09:43 GMT" time="2.990" errors="0">
  <testcase name="ValidateAppTitle" time="2.990" classname="Hiko.ValidateTitle"/>
</testsuite> <!-- Hiko.ValidateTitle -->
