<?xml version="1.0" encoding="UTF-8"?>
<!-- Generated by org.testng.reporters.JUnitReportReporter -->
<testsuite skipped="0" hostname="DESKTOP-KDLC9BI" name="Hiko.HomePage" tests="2" failures="0" timestamp="22 May 2019 04:09:43 GMT" time="19.305" errors="0">
  <testcase name="LogInCheck" time="6.030" classname="Hiko.HomePage"/>
  <testcase name="LogInCheck" time="13.275" classname="Hiko.HomePage"/>
</testsuite> <!-- Hiko.HomePage -->
