<?xml version="1.0" encoding="UTF-8"?>
<!-- Generated by org.testng.reporters.JUnitReportReporter -->
<testsuite skipped="0" hostname="DESKTOP-KDLC9BI" name="Hiko.HomePage" tests="2" failures="0" timestamp="15 May 2019 20:22:48 GMT" time="60.465" errors="0">
  <testcase name="BasePageNavigation" time="54.809" classname="Hiko.HomePage"/>
  <testcase name="BasePageNavigation" time="5.656" classname="Hiko.HomePage"/>
</testsuite> <!-- Hiko.HomePage -->
