<?xml version="1.0" encoding="UTF-8"?>
<!-- Generated by org.testng.reporters.JUnitReportReporter -->
<testsuite skipped="0" hostname="DESKTOP-KDLC9BI" name="Hiko.ValidateTitle" tests="1" failures="0" timestamp="16 May 2019 14:12:06 GMT" time="29.616" errors="0">
  <testcase name="ValidateAppTitle" time="29.616" classname="Hiko.ValidateTitle"/>
</testsuite> <!-- Hiko.ValidateTitle -->
