<?xml version="1.0" encoding="UTF-8"?>
<!-- Generated by org.testng.reporters.JUnitReportReporter -->
<testsuite skipped="0" hostname="DESKTOP-KDLC9BI" name="Hiko.ValidateTitle" tests="1" failures="0" timestamp="15 May 2019 20:22:48 GMT" time="23.489" errors="0">
  <testcase name="BasePageNavigation" time="23.489" classname="Hiko.ValidateTitle"/>
</testsuite> <!-- Hiko.ValidateTitle -->
