<?xml version="1.0" encoding="UTF-8"?>
<!-- Generated by org.testng.reporters.JUnitReportReporter -->
<testsuite skipped="0" hostname="DESKTOP-KDLC9BI" name="Hiko.HomePage" tests="2" failures="0" timestamp="17 May 2019 08:22:13 GMT" time="28.031" errors="0">
  <testcase name="LogInCheck" time="22.303" classname="Hiko.HomePage"/>
  <testcase name="LogInCheck" time="5.728" classname="Hiko.HomePage"/>
</testsuite> <!-- Hiko.HomePage -->
