<?xml version="1.0" encoding="UTF-8"?>
<!-- Generated by org.testng.reporters.JUnitReportReporter -->
<testsuite skipped="0" hostname="DESKTOP-KDLC9BI" name="Hiko.ValidateTitle" tests="1" failures="0" timestamp="17 May 2019 08:22:13 GMT" time="22.363" errors="0">
  <testcase name="ValidateAppTitle" time="22.363" classname="Hiko.ValidateTitle"/>
</testsuite> <!-- Hiko.ValidateTitle -->
